<?xml version="1.0" encoding="UTF-8" ?>
<testsuite failures="0" time="20.777" errors="0" skipped="0" tests="3" name="org.apache.giraph.rexster.io.formats.TestRexsterLongDoubleFloatVertexInputFormat">
  <properties>
[...]
</properties>
  <testcase time="8.624" classname="org.apache.giraph.rexster.io.formats.TestRexsterLongDoubleFloatVertexInputFormat" name="getEmptyDb"/>
  <testcase time="4.658" classname="org.apache.giraph.rexster.io.formats.TestRexsterLongDoubleFloatVertexInputFormat" name="getTestDb"/>
  <testcase time="7.403" classname="org.apache.giraph.rexster.io.formats.TestRexsterLongDoubleFloatVertexInputFormat" name="getGremlinDb"/>
</testsuite>